Using pre-set license
Built from '2020.2/release' branch; Version is '2020.2.4f1 (becced5a802b) revision 12504301'; Using compiler version '192528614'; Build Type 'Release'
OS: 'Windows 10 Home; OS build 19041.928; Version 2004; 64bit' Language: 'en' Physical Memory: 8065 MB
BatchMode: 1, IsHumanControllingUs: 0, StartBugReporterOnCrash: 0, Is64bit: 1, IsPro: 0

 COMMAND LINE ARGUMENTS:
C:\Program Files\Unity\Hub\Editor\2020.2.4f1\Editor\Unity.exe
-adb2
-batchMode
-noUpm
-name
AssetImportWorker0
-projectPath
C:/Users/berna/Unity Projects/CasoPracticoPrevExamen/Grupo1_BernardoG_A00570682
-logFile
Logs/AssetImportWorker0.log
-srvPort
58221
Successfully changed project path to: C:/Users/berna/Unity Projects/CasoPracticoPrevExamen/Grupo1_BernardoG_A00570682
C:/Users/berna/Unity Projects/CasoPracticoPrevExamen/Grupo1_BernardoG_A00570682
Using Asset Import Pipeline V2.
Refreshing native plugins compatible for Editor in 26.05 ms, found 0 plugins.
Preloading 0 native plugins for Editor in 0.00 ms.
Initialize engine version: 2020.2.4f1 (becced5a802b)
[Subsystems] Discovering subsystems at path C:/Program Files/Unity/Hub/Editor/2020.2.4f1/Editor/Data/Resources/UnitySubsystems
[Subsystems] Discovering subsystems at path C:/Users/berna/Unity Projects/CasoPracticoPrevExamen/Grupo1_BernardoG_A00570682/Assets
GfxDevice: creating device client; threaded=0
Direct3D:
    Version:  Direct3D 11.0 [level 11.1]
    Renderer: Intel(R) UHD Graphics 620 (ID=0x5917)
    Vendor:   
    VRAM:     4032 MB
    Driver:   25.20.100.6446
Initialize mono
Mono path[0] = 'C:/Program Files/Unity/Hub/Editor/2020.2.4f1/Editor/Data/Managed'
Mono path[1] = 'C:/Program Files/Unity/Hub/Editor/2020.2.4f1/Editor/Data/MonoBleedingEdge/lib/mono/unityjit'
Mono config path = 'C:/Program Files/Unity/Hub/Editor/2020.2.4f1/Editor/Data/MonoBleedingEdge/etc'
Using monoOptions --debugger-agent=transport=dt_socket,embedding=1,server=y,suspend=n,address=127.0.0.1:56936
Begin MonoManager ReloadAssembly
Registering precompiled unity dll's ...
Register platform support module: C:/Program Files/Unity/Hub/Editor/2020.2.4f1/Editor/Data/PlaybackEngines/WebGLSupport/UnityEditor.WebGL.Extensions.dll
Register platform support module: C:/Program Files/Unity/Hub/Editor/2020.2.4f1/Editor/Data/PlaybackEngines/WindowsStandaloneSupport/UnityEditor.WindowsStandalone.Extensions.dll
Registered in 0.003062 seconds.
Native extension for WindowsStandalone target not found
Native extension for WebGL target not found
Refreshing native plugins compatible for Editor in 24.97 ms, found 0 plugins.
Preloading 0 native plugins for Editor in 0.00 ms.
Invoked RoslynAnalysisRunner static constructor.
RoslynAnalysisRunner will not be running.
RoslynAnalysisRunner has terminated.
Mono: successfully reloaded assembly
- Completed reload, in  4.627 seconds
Platform modules already initialized, skipping
Registering precompiled user dll's ...
Registered in 0.000862 seconds.
Begin MonoManager ReloadAssembly
Native extension for WindowsStandalone target not found
Native extension for WebGL target not found
Refreshing native plugins compatible for Editor in 0.22 ms, found 0 plugins.
Preloading 0 native plugins for Editor in 0.00 ms.
Invoked RoslynAnalysisRunner static constructor.
RoslynAnalysisRunner will not be running.
RoslynAnalysisRunner has terminated.
Mono: successfully reloaded assembly
- Completed reload, in  1.025 seconds
Platform modules already initialized, skipping
========================================================================
Worker process is ready to serve import requests
Launched and connected shader compiler UnityShaderCompiler.exe after 0.08 seconds
Refreshing native plugins compatible for Editor in 0.47 ms, found 0 plugins.
Preloading 0 native plugins for Editor in 0.00 ms.
Unloading 1108 Unused Serialized files (Serialized files now loaded: 0)
System memory in use before: 57.2 MB.
System memory in use after: 57.3 MB.

Unloading 10 unused Assets to reduce memory usage. Loaded Objects now: 1550.
Total: 1.916400 ms (FindLiveObjects: 0.128400 ms CreateObjectMapping: 0.041400 ms MarkObjects: 1.663200 ms  DeleteObjects: 0.081700 ms)

========================================================================
Received Import Request.
  path: Assets/Prefabs/Power.prefab
  artifactKey: Guid(4e728fb766b99164989a28593c19821c) Importer(815301076,1909f56bfc062723c751e8b465ee728b)
Start importing Assets/Prefabs/Power.prefab using Guid(4e728fb766b99164989a28593c19821c) Importer(815301076,1909f56bfc062723c751e8b465ee728b)  -> (artifact id: '4e6c8f05ced5f17c8386aa69c754539f') in 0.183031 seconds
  Import took 0.185938 seconds .

========================================================================
Received Import Request.
  Time since last request: 0.001046 seconds.
  path: Assets/Prefabs/Sphere.prefab
  artifactKey: Guid(9023f0cbb860a1446987a9a817bb50b2) Importer(815301076,1909f56bfc062723c751e8b465ee728b)
Start importing Assets/Prefabs/Sphere.prefab using Guid(9023f0cbb860a1446987a9a817bb50b2) Importer(815301076,1909f56bfc062723c751e8b465ee728b)  -> (artifact id: 'b06da447e0453b59fe911d15df764b3f') in 0.022702 seconds
  Import took 0.025565 seconds .

========================================================================
Received Prepare
Registering precompiled user dll's ...
Registered in 0.001322 seconds.
Begin MonoManager ReloadAssembly
Native extension for WindowsStandalone target not found
Native extension for WebGL target not found
Refreshing native plugins compatible for Editor in 0.22 ms, found 0 plugins.
Preloading 0 native plugins for Editor in 0.00 ms.
Invoked RoslynAnalysisRunner static constructor.
RoslynAnalysisRunner will not be running.
RoslynAnalysisRunner has terminated.
Mono: successfully reloaded assembly
- Completed reload, in  0.917 seconds
Platform modules already initialized, skipping
Refreshing native plugins compatible for Editor in 0.23 ms, found 0 plugins.
Preloading 0 native plugins for Editor in 0.00 ms.
Unloading 1103 Unused Serialized files (Serialized files now loaded: 0)
System memory in use before: 60.3 MB.
System memory in use after: 60.4 MB.

Unloading 5 unused Assets to reduce memory usage. Loaded Objects now: 1560.
Total: 2.013100 ms (FindLiveObjects: 0.138900 ms CreateObjectMapping: 0.033400 ms MarkObjects: 1.780500 ms  DeleteObjects: 0.057200 ms)

========================================================================
Received Import Request.
  Time since last request: 103.132029 seconds.
  path: Assets/Prefabs/Sphere.prefab
  artifactKey: Guid(9023f0cbb860a1446987a9a817bb50b2) Importer(815301076,1909f56bfc062723c751e8b465ee728b)
Start importing Assets/Prefabs/Sphere.prefab using Guid(9023f0cbb860a1446987a9a817bb50b2) Importer(815301076,1909f56bfc062723c751e8b465ee728b)  -> (artifact id: 'eb280c1083dd0b8914f3b54a6a656b60') in 0.088669 seconds
  Import took 0.091498 seconds .

========================================================================
Received Import Request.
  Time since last request: 0.022820 seconds.
  path: Assets/Prefabs/Sphere.prefab
  artifactKey: Guid(9023f0cbb860a1446987a9a817bb50b2) Importer(815301076,1909f56bfc062723c751e8b465ee728b)
Start importing Assets/Prefabs/Sphere.prefab using Guid(9023f0cbb860a1446987a9a817bb50b2) Importer(815301076,1909f56bfc062723c751e8b465ee728b)  -> (artifact id: 'eb280c1083dd0b8914f3b54a6a656b60') in 0.015009 seconds
  Import took 0.017534 seconds .

========================================================================
Received Prepare
Registering precompiled user dll's ...
Registered in 0.001026 seconds.
Begin MonoManager ReloadAssembly
Native extension for WindowsStandalone target not found
Native extension for WebGL target not found
Refreshing native plugins compatible for Editor in 0.24 ms, found 0 plugins.
Preloading 0 native plugins for Editor in 0.00 ms.
Invoked RoslynAnalysisRunner static constructor.
RoslynAnalysisRunner will not be running.
RoslynAnalysisRunner has terminated.
Mono: successfully reloaded assembly
- Completed reload, in  0.969 seconds
Platform modules already initialized, skipping
Refreshing native plugins compatible for Editor in 0.20 ms, found 0 plugins.
Preloading 0 native plugins for Editor in 0.00 ms.
Unloading 1103 Unused Serialized files (Serialized files now loaded: 0)
System memory in use before: 60.4 MB.
System memory in use after: 60.5 MB.

Unloading 5 unused Assets to reduce memory usage. Loaded Objects now: 1563.
Total: 2.213100 ms (FindLiveObjects: 0.203900 ms CreateObjectMapping: 0.054900 ms MarkObjects: 1.898700 ms  DeleteObjects: 0.053200 ms)

========================================================================
Received Import Request.
  Time since last request: 58.299881 seconds.
  path: Assets/Prefabs/Power.prefab
  artifactKey: Guid(4e728fb766b99164989a28593c19821c) Importer(815301076,1909f56bfc062723c751e8b465ee728b)
Start importing Assets/Prefabs/Power.prefab using Guid(4e728fb766b99164989a28593c19821c) Importer(815301076,1909f56bfc062723c751e8b465ee728b)  -> (artifact id: '4d2375d6123c35f58acb6c9d8e96aeaf') in 0.074371 seconds
  Import took 0.076613 seconds .

========================================================================
Received Prepare
Registering precompiled user dll's ...
Registered in 0.001784 seconds.
Begin MonoManager ReloadAssembly
Native extension for WindowsStandalone target not found
Native extension for WebGL target not found
Refreshing native plugins compatible for Editor in 0.23 ms, found 0 plugins.
Preloading 0 native plugins for Editor in 0.00 ms.
Invoked RoslynAnalysisRunner static constructor.
RoslynAnalysisRunner will not be running.
RoslynAnalysisRunner has terminated.
Mono: successfully reloaded assembly
- Completed reload, in  1.022 seconds
Platform modules already initialized, skipping
Refreshing native plugins compatible for Editor in 0.21 ms, found 0 plugins.
Preloading 0 native plugins for Editor in 0.00 ms.
Unloading 1103 Unused Serialized files (Serialized files now loaded: 0)
System memory in use before: 60.4 MB.
System memory in use after: 60.5 MB.

Unloading 5 unused Assets to reduce memory usage. Loaded Objects now: 1566.
Total: 2.053000 ms (FindLiveObjects: 0.141200 ms CreateObjectMapping: 0.038500 ms MarkObjects: 1.819300 ms  DeleteObjects: 0.052900 ms)

========================================================================
Received Import Request.
  Time since last request: 71.795391 seconds.
  path: Assets/Prefabs/Power.prefab
  artifactKey: Guid(4e728fb766b99164989a28593c19821c) Importer(815301076,1909f56bfc062723c751e8b465ee728b)
Start importing Assets/Prefabs/Power.prefab using Guid(4e728fb766b99164989a28593c19821c) Importer(815301076,1909f56bfc062723c751e8b465ee728b)  -> (artifact id: '0773c525a521d2992a92b1821c7e04ea') in 0.076259 seconds
  Import took 0.078577 seconds .

========================================================================
Received Prepare
Registering precompiled user dll's ...
Registered in 0.001508 seconds.
Begin MonoManager ReloadAssembly
Native extension for WindowsStandalone target not found
Native extension for WebGL target not found
Refreshing native plugins compatible for Editor in 0.21 ms, found 0 plugins.
Preloading 0 native plugins for Editor in 0.00 ms.
Invoked RoslynAnalysisRunner static constructor.
RoslynAnalysisRunner will not be running.
RoslynAnalysisRunner has terminated.
Mono: successfully reloaded assembly
- Completed reload, in  0.925 seconds
Platform modules already initialized, skipping
Refreshing native plugins compatible for Editor in 0.48 ms, found 0 plugins.
Preloading 0 native plugins for Editor in 0.00 ms.
Unloading 1103 Unused Serialized files (Serialized files now loaded: 0)
System memory in use before: 60.4 MB.
System memory in use after: 60.5 MB.

Unloading 5 unused Assets to reduce memory usage. Loaded Objects now: 1569.
Total: 2.058600 ms (FindLiveObjects: 0.185300 ms CreateObjectMapping: 0.039600 ms MarkObjects: 1.777100 ms  DeleteObjects: 0.054700 ms)

========================================================================
Received Import Request.
  Time since last request: 55.403137 seconds.
  path: Assets/Prefabs/Power.prefab
  artifactKey: Guid(4e728fb766b99164989a28593c19821c) Importer(815301076,1909f56bfc062723c751e8b465ee728b)
Start importing Assets/Prefabs/Power.prefab using Guid(4e728fb766b99164989a28593c19821c) Importer(815301076,1909f56bfc062723c751e8b465ee728b)  -> (artifact id: '0b6dafb1a8cc737bb91adc5300fbdb1f') in 0.087658 seconds
  Import took 0.090069 seconds .

========================================================================
Received Import Request.
  Time since last request: 0.024357 seconds.
  path: Assets/Prefabs/Power.prefab
  artifactKey: Guid(4e728fb766b99164989a28593c19821c) Importer(815301076,1909f56bfc062723c751e8b465ee728b)
Start importing Assets/Prefabs/Power.prefab using Guid(4e728fb766b99164989a28593c19821c) Importer(815301076,1909f56bfc062723c751e8b465ee728b)  -> (artifact id: '0b6dafb1a8cc737bb91adc5300fbdb1f') in 0.015398 seconds
  Import took 0.019037 seconds .

========================================================================
Received Import Request.
  Time since last request: 1.075012 seconds.
  path: Assets/Prefabs/Sphere.prefab
  artifactKey: Guid(9023f0cbb860a1446987a9a817bb50b2) Importer(815301076,1909f56bfc062723c751e8b465ee728b)
Start importing Assets/Prefabs/Sphere.prefab using Guid(9023f0cbb860a1446987a9a817bb50b2) Importer(815301076,1909f56bfc062723c751e8b465ee728b)  -> (artifact id: '92afb0cfb55a3c95a3f445137bb78d48') in 0.020289 seconds
  Import took 0.023186 seconds .

========================================================================
Received Import Request.
  Time since last request: 0.027771 seconds.
  path: Assets/Prefabs/Sphere.prefab
  artifactKey: Guid(9023f0cbb860a1446987a9a817bb50b2) Importer(815301076,1909f56bfc062723c751e8b465ee728b)
Start importing Assets/Prefabs/Sphere.prefab using Guid(9023f0cbb860a1446987a9a817bb50b2) Importer(815301076,1909f56bfc062723c751e8b465ee728b)  -> (artifact id: '92afb0cfb55a3c95a3f445137bb78d48') in 0.023309 seconds
  Import took 0.026137 seconds .

========================================================================
Received Prepare
Registering precompiled user dll's ...
Registered in 0.001164 seconds.
Begin MonoManager ReloadAssembly
Native extension for WindowsStandalone target not found
Native extension for WebGL target not found
Refreshing native plugins compatible for Editor in 0.45 ms, found 0 plugins.
Preloading 0 native plugins for Editor in 0.00 ms.
Invoked RoslynAnalysisRunner static constructor.
RoslynAnalysisRunner will not be running.
RoslynAnalysisRunner has terminated.
Mono: successfully reloaded assembly
- Completed reload, in  0.990 seconds
Platform modules already initialized, skipping
Refreshing native plugins compatible for Editor in 0.22 ms, found 0 plugins.
Preloading 0 native plugins for Editor in 0.00 ms.
Unloading 1103 Unused Serialized files (Serialized files now loaded: 0)
System memory in use before: 60.4 MB.
System memory in use after: 60.5 MB.

Unloading 5 unused Assets to reduce memory usage. Loaded Objects now: 1572.
Total: 2.843100 ms (FindLiveObjects: 0.206500 ms CreateObjectMapping: 0.054800 ms MarkObjects: 2.509000 ms  DeleteObjects: 0.070900 ms)

========================================================================
Received Import Request.
  Time since last request: 42.611912 seconds.
  path: Assets/Prefabs/Power.prefab
  artifactKey: Guid(4e728fb766b99164989a28593c19821c) Importer(815301076,1909f56bfc062723c751e8b465ee728b)
Start importing Assets/Prefabs/Power.prefab using Guid(4e728fb766b99164989a28593c19821c) Importer(815301076,1909f56bfc062723c751e8b465ee728b)  -> (artifact id: '0574405e3049198d075b62d1332ffe15') in 0.069143 seconds
  Import took 0.071595 seconds .

========================================================================
Received Import Request.
  Time since last request: 0.000307 seconds.
  path: Assets/Prefabs/Sphere.prefab
  artifactKey: Guid(9023f0cbb860a1446987a9a817bb50b2) Importer(815301076,1909f56bfc062723c751e8b465ee728b)
Start importing Assets/Prefabs/Sphere.prefab using Guid(9023f0cbb860a1446987a9a817bb50b2) Importer(815301076,1909f56bfc062723c751e8b465ee728b)  -> (artifact id: '7740679aad4e9ffd5225d0a5c45afd66') in 0.016932 seconds
  Import took 0.019877 seconds .

========================================================================
Received Prepare
Registering precompiled user dll's ...
Registered in 0.000784 seconds.
Begin MonoManager ReloadAssembly
Native extension for WindowsStandalone target not found
Native extension for WebGL target not found
Refreshing native plugins compatible for Editor in 0.22 ms, found 0 plugins.
Preloading 0 native plugins for Editor in 0.00 ms.
Invoked RoslynAnalysisRunner static constructor.
RoslynAnalysisRunner will not be running.
RoslynAnalysisRunner has terminated.
Mono: successfully reloaded assembly
- Completed reload, in  0.877 seconds
Platform modules already initialized, skipping
Refreshing native plugins compatible for Editor in 0.24 ms, found 0 plugins.
Preloading 0 native plugins for Editor in 0.00 ms.
Unloading 1103 Unused Serialized files (Serialized files now loaded: 0)
System memory in use before: 60.5 MB.
System memory in use after: 60.5 MB.

Unloading 5 unused Assets to reduce memory usage. Loaded Objects now: 1575.
Total: 2.360500 ms (FindLiveObjects: 0.134400 ms CreateObjectMapping: 0.032900 ms MarkObjects: 2.112300 ms  DeleteObjects: 0.079300 ms)

AssetImportWorkerClient::OnTransportError - code=2 error=End of file
